* using log directory ‘/Users/zaldiss/Library/Mobile Documents/com~apple~CloudDocs/Antigravity/UtilityFunctions/..Rcheck’
* using R version 4.5.1 (2025-06-13)
* using platform: x86_64-apple-darwin20
* R was compiled by
    Apple clang version 14.0.0 (clang-1400.0.29.202)
    GNU Fortran (GCC) 14.2.0
* running under: macOS Sequoia 15.4.1
* using session charset: UTF-8
* using options ‘--no-manual --no-vignettes’
* checking for file ‘./DESCRIPTION’ ... OK
* this is package ‘UtilityFunctions’ version ‘1.1.0’
* package encoding: UTF-8
* checking package namespace information ... OK
* checking package dependencies ... OK
* checking if this is a source package ... WARNING
Subdirectory ‘UtilityFunctions/src’ contains apparent object files/libraries
  GenomicFlow.so RcppExports.o UtilityFunctions.so cross_predictor.o
Object files/libraries should not be included in a source package.
* checking if there is a namespace ... OK
* checking for executable files ... OK
* checking for hidden files and directories ... NOTE
Found the following hidden files and directories:
  .DS_Store
  .Rhistory
  .gitignore
  R/.DS_Store
  vignettes/.gitignore
  ..Rcheck
  .Rproj.user
  .git
These were most likely included in error. See section ‘Package
structure’ in the ‘Writing R Extensions’ manual.
* checking for portable file names ... NOTE
Found the following non-portable file paths:
  UtilityFunctions/.Rproj.user/shared/notebooks/474E4967-walkthrough/1/s/cs58d6bvvrng2_t/execution.lock
  UtilityFunctions/.Rproj.user/shared/notebooks/E32FDE81-UtilityFunctions_walkthrough/1/34025907f33f263/chunks.json
  UtilityFunctions/.Rproj.user/shared/notebooks/E32FDE81-UtilityFunctions_walkthrough/1/s/c006n07ugx9c6/000003.csv
  UtilityFunctions/.Rproj.user/shared/notebooks/E32FDE81-UtilityFunctions_walkthrough/1/s/c006n07ugx9c6/000004.metadata
  UtilityFunctions/.Rproj.user/shared/notebooks/E32FDE81-UtilityFunctions_walkthrough/1/s/c006n07ugx9c6/000004.png
  UtilityFunctions/.Rproj.user/shared/notebooks/E32FDE81-UtilityFunctions_walkthrough/1/s/c006n07ugx9c6/000004.snapshot
  UtilityFunctions/.Rproj.user/shared/notebooks/E32FDE81-UtilityFunctions_walkthrough/1/s/c1kre7j4t5fjj/00000f.csv
  UtilityFunctions/.Rproj.user/shared/notebooks/E32FDE81-UtilityFunctions_walkthrough/1/s/c24ina8lgcran/00000f.csv
  UtilityFunctions/.Rproj.user/shared/notebooks/E32FDE81-UtilityFunctions_walkthrough/1/s/c40fdneqnchw7/000003.csv
  UtilityFunctions/.Rproj.user/shared/notebooks/E32FDE81-UtilityFunctions_walkthrough/1/s/c40fdneqnchw7/000004.metadata
  UtilityFunctions/.Rproj.user/shared/notebooks/E32FDE81-UtilityFunctions_walkthrough/1/s/c40fdneqnchw7/000004.png
  UtilityFunctions/.Rproj.user/shared/notebooks/E32FDE81-UtilityFunctions_walkthrough/1/s/c40fdneqnchw7/000004.snapshot
  UtilityFunctions/.Rproj.user/shared/notebooks/E32FDE81-UtilityFunctions_walkthrough/1/s/c40s7zslhk9hu/00000f.csv
  UtilityFunctions/.Rproj.user/shared/notebooks/E32FDE81-UtilityFunctions_walkthrough/1/s/c8ggwlmpq7lya/000013.csv
  UtilityFunctions/.Rproj.user/shared/notebooks/E32FDE81-UtilityFunctions_walkthrough/1/s/c8ggwlmpq7lya/000014.metadata
  UtilityFunctions/.Rproj.user/shared/notebooks/E32FDE81-UtilityFunctions_walkthrough/1/s/c8ggwlmpq7lya/000014.rdf
  UtilityFunctions/.Rproj.user/shared/notebooks/E32FDE81-UtilityFunctions_walkthrough/1/s/c8zyma8k587r2/000011.csv
  UtilityFunctions/.Rproj.user/shared/notebooks/E32FDE81-UtilityFunctions_walkthrough/1/s/c8zyma8k587r2/000012.error
  UtilityFunctions/.Rproj.user/shared/notebooks/E32FDE81-UtilityFunctions_walkthrough/1/s/cezr9ycsvvfqd/000017.csv
  UtilityFunctions/.Rproj.user/shared/notebooks/E32FDE81-UtilityFunctions_walkthrough/1/s/ckjegzqdyfvj1/00000f.csv
  UtilityFunctions/.Rproj.user/shared/notebooks/E32FDE81-UtilityFunctions_walkthrough/1/s/cop21fqmexk3m/000011.csv
  UtilityFunctions/.Rproj.user/shared/notebooks/E32FDE81-UtilityFunctions_walkthrough/1/s/cop21fqmexk3m/000012.metadata
  UtilityFunctions/.Rproj.user/shared/notebooks/E32FDE81-UtilityFunctions_walkthrough/1/s/cop21fqmexk3m/000012.rdf
  UtilityFunctions/.Rproj.user/shared/notebooks/E32FDE81-UtilityFunctions_walkthrough/1/s/cpek43mzf23hi/000003.csv
  UtilityFunctions/.Rproj.user/shared/notebooks/E32FDE81-UtilityFunctions_walkthrough/1/s/cpek43mzf23hi/000004.metadata
  UtilityFunctions/.Rproj.user/shared/notebooks/E32FDE81-UtilityFunctions_walkthrough/1/s/cpek43mzf23hi/000004.png
  UtilityFunctions/.Rproj.user/shared/notebooks/E32FDE81-UtilityFunctions_walkthrough/1/s/cpek43mzf23hi/000004.snapshot
  UtilityFunctions/.Rproj.user/shared/notebooks/E32FDE81-UtilityFunctions_walkthrough/1/s/csetup_chunk/00000f.csv
  UtilityFunctions/.Rproj.user/shared/notebooks/E32FDE81-UtilityFunctions_walkthrough/1/s/ct00pzrhjpu7f/00000f.csv
  UtilityFunctions/.Rproj.user/shared/notebooks/E32FDE81-UtilityFunctions_walkthrough/1/s/ct60mx75ymq3x/00000f.csv
  UtilityFunctions/.Rproj.user/shared/notebooks/E32FDE81-UtilityFunctions_walkthrough/1/s/ct9koiiu2ai6r/00000f.csv
  UtilityFunctions/.Rproj.user/shared/notebooks/E32FDE81-UtilityFunctions_walkthrough/1/s/ct9koiiu2ai6r/000010.metadata
  UtilityFunctions/.Rproj.user/shared/notebooks/E32FDE81-UtilityFunctions_walkthrough/1/s/ct9koiiu2ai6r/000010.rdf
  UtilityFunctions/.Rproj.user/shared/notebooks/E32FDE81-UtilityFunctions_walkthrough/1/s/ctqz14rawzdjr/00000f.csv
  UtilityFunctions/.Rproj.user/shared/notebooks/E32FDE81-UtilityFunctions_walkthrough/1/s/ctsp104aitrl9/00000f.csv
  UtilityFunctions/.Rproj.user/shared/notebooks/E32FDE81-UtilityFunctions_walkthrough/1/s/cus0vf57ai70k/00000f.csv
  UtilityFunctions/.Rproj.user/shared/notebooks/E32FDE81-UtilityFunctions_walkthrough/1/s/cus0vf57ai70k/000010.error
  UtilityFunctions/.Rproj.user/shared/notebooks/E32FDE81-UtilityFunctions_walkthrough/1/s/cwag1eyk682e3/00000f.csv
  UtilityFunctions/.Rproj.user/shared/notebooks/E32FDE81-UtilityFunctions_walkthrough/1/s/cxy7rhn36un1d/00000f.csv
  UtilityFunctions/.Rproj.user/shared/notebooks/E32FDE81-UtilityFunctions_walkthrough/1/s/cxy7rhn36un1d/000010.metadata
  UtilityFunctions/.Rproj.user/shared/notebooks/E32FDE81-UtilityFunctions_walkthrough/1/s/cxy7rhn36un1d/000010.rdf
  UtilityFunctions/.Rproj.user/shared/notebooks/E32FDE81-UtilityFunctions_walkthrough/1/s/cytg4s7pd0kut/00000f.csv
  UtilityFunctions/.Rproj.user/shared/notebooks/E32FDE81-UtilityFunctions_walkthrough/1/34025907f33f263
  UtilityFunctions/.Rproj.user/shared/notebooks/E32FDE81-UtilityFunctions_walkthrough/1/s/c006n07ugx9c6
  UtilityFunctions/.Rproj.user/shared/notebooks/E32FDE81-UtilityFunctions_walkthrough/1/s/c1kre7j4t5fjj
  UtilityFunctions/.Rproj.user/shared/notebooks/E32FDE81-UtilityFunctions_walkthrough/1/s/c24ina8lgcran
  UtilityFunctions/.Rproj.user/shared/notebooks/E32FDE81-UtilityFunctions_walkthrough/1/s/c40fdneqnchw7
  UtilityFunctions/.Rproj.user/shared/notebooks/E32FDE81-UtilityFunctions_walkthrough/1/s/c40s7zslhk9hu
  UtilityFunctions/.Rproj.user/shared/notebooks/E32FDE81-UtilityFunctions_walkthrough/1/s/c8ggwlmpq7lya
  UtilityFunctions/.Rproj.user/shared/notebooks/E32FDE81-UtilityFunctions_walkthrough/1/s/c8zyma8k587r2
  UtilityFunctions/.Rproj.user/shared/notebooks/E32FDE81-UtilityFunctions_walkthrough/1/s/cezr9ycsvvfqd
  UtilityFunctions/.Rproj.user/shared/notebooks/E32FDE81-UtilityFunctions_walkthrough/1/s/ckjegzqdyfvj1
  UtilityFunctions/.Rproj.user/shared/notebooks/E32FDE81-UtilityFunctions_walkthrough/1/s/cop21fqmexk3m
  UtilityFunctions/.Rproj.user/shared/notebooks/E32FDE81-UtilityFunctions_walkthrough/1/s/cpek43mzf23hi
  UtilityFunctions/.Rproj.user/shared/notebooks/E32FDE81-UtilityFunctions_walkthrough/1/s/ct00pzrhjpu7f
  UtilityFunctions/.Rproj.user/shared/notebooks/E32FDE81-UtilityFunctions_walkthrough/1/s/ct60mx75ymq3x
  UtilityFunctions/.Rproj.user/shared/notebooks/E32FDE81-UtilityFunctions_walkthrough/1/s/ct9koiiu2ai6r
  UtilityFunctions/.Rproj.user/shared/notebooks/E32FDE81-UtilityFunctions_walkthrough/1/s/ctqz14rawzdjr
  UtilityFunctions/.Rproj.user/shared/notebooks/E32FDE81-UtilityFunctions_walkthrough/1/s/ctsp104aitrl9
  UtilityFunctions/.Rproj.user/shared/notebooks/E32FDE81-UtilityFunctions_walkthrough/1/s/cus0vf57ai70k
  UtilityFunctions/.Rproj.user/shared/notebooks/E32FDE81-UtilityFunctions_walkthrough/1/s/cwag1eyk682e3
  UtilityFunctions/.Rproj.user/shared/notebooks/E32FDE81-UtilityFunctions_walkthrough/1/s/cxy7rhn36un1d
  UtilityFunctions/.Rproj.user/shared/notebooks/E32FDE81-UtilityFunctions_walkthrough/1/s/cytg4s7pd0kut

Tarballs are only required to store paths of up to 100 bytes and cannot
store those of more than 256 bytes, with restrictions including to 100
bytes for the final component.
See section ‘Package structure’ in the ‘Writing R Extensions’ manual.
* checking for sufficient/correct file permissions ... OK
* checking whether package ‘UtilityFunctions’ can be installed ... WARNING
Found the following significant warnings:
  Warning: /Users/zaldiss/Library/Mobile Documents/com~apple~CloudDocs/Antigravity/UtilityFunctions/man/predict_cross_utility.Rd:21: unexpected section header '\value'
  Warning: /Users/zaldiss/Library/Mobile Documents/com~apple~CloudDocs/Antigravity/UtilityFunctions/man/predict_cross_utility.Rd:30: unexpected section header '\description'
  Warning: /Users/zaldiss/Library/Mobile Documents/com~apple~CloudDocs/Antigravity/UtilityFunctions/man/predict_cross_utility.Rd:38: unexpected section header '\details'
  Warning: /Users/zaldiss/Library/Mobile Documents/com~apple~CloudDocs/Antigravity/UtilityFunctions/man/predict_cross_utility.Rd:42: unexpected END_OF_INPUT '
See ‘/Users/zaldiss/Library/Mobile Documents/com~apple~CloudDocs/Antigravity/UtilityFunctions/..Rcheck/00install.out’ for details.
* used C++ compiler: ‘Apple clang version 17.0.0 (clang-1700.0.13.5)’
* used SDK: ‘MacOSX15.5.sdk’
* checking installed package size ... OK
* checking package directory ... OK
* checking DESCRIPTION meta-information ... NOTE
License components which are templates and need '+ file LICENSE':
  MIT
Checking should be performed on sources prepared by ‘R CMD build’.
* checking top-level files ... OK
* checking for left-over files ... OK
* checking index information ... OK
* checking package subdirectories ... WARNING
Found the following directory with the name of a check directory:
  ./..Rcheck
Most likely, these were included erroneously.
* checking code files for non-ASCII characters ... OK
* checking R files for syntax errors ... OK
* checking whether the package can be loaded ... OK
* checking whether the package can be loaded with stated dependencies ... OK
* checking whether the package can be unloaded cleanly ... OK
* checking whether the namespace can be loaded with stated dependencies ... OK
* checking whether the namespace can be unloaded cleanly ... OK
* checking dependencies in R code ... NOTE
Namespace in Imports field not imported from: ‘reshape2’
  All declared Imports should be used.
* checking S3 generic/method consistency ... OK
* checking replacement functions ... OK
* checking foreign function calls ... OK
* checking R code for possible problems ... NOTE
Online License checked out Wed Dec 10 15:02:08 2025
.plot_biplot: no visible global function definition for ‘grid’
.plot_biplot: no visible global function definition for ‘arrows’
.plot_biplot: no visible global function definition for ‘points’
.plot_biplot: no visible global function definition for ‘chull’
.plot_biplot: no visible global function definition for ‘lines’
.plot_diff: no visible global function definition for ‘na.omit’
.plot_diff: no visible global function definition for ‘head’
.plot_diff: no visible global function definition for ‘tail’
.plot_diff: no visible global function definition for ‘segments’
.plot_fast: no visible global function definition for ‘head’
.plot_fast: no visible global function definition for ‘grid’
.plot_reg: no visible global function definition for ‘head’
.plot_reg: no visible global function definition for ‘grid’
.plot_reg: no visible global function definition for ‘points’
.plot_reg: no visible global function definition for ‘adjustcolor’
calculate_h2_from_list: no visible global function definition for
  ‘predict’
compare_h2: no visible global function definition for ‘tail’
fa.asreml: no visible binding for global variable ‘.’
fa.asreml: no visible binding for global variable ‘FullTerm’
fa.asreml: no visible binding for global variable ‘Site’
fa.asreml: no visible binding for global variable ‘Factor’
fa.asreml: no visible binding for global variable ‘Value’
fa.asreml: no visible binding for global variable ‘Genotype’
generate_genomic_met: no visible global function definition for ‘rnorm’
generate_genomic_met: no visible global function definition for ‘runif’
generate_genomic_met: no visible global function definition for ‘var’
generate_grm: no visible global function definition for ‘runif’
generate_grm: no visible global function definition for ‘rbinom’
generate_met_data: no visible global function definition for ‘runif’
generate_met_data: no visible global function definition for ‘rnorm’
pad_trial_layout: no visible global function definition for ‘as’
plot.fast_selection: no visible global function definition for ‘grid’
plot.h2_comparison: no visible global function definition for ‘reshape’
plot_connectivity : get_order: no visible global function definition
  for ‘aggregate’
plot_connectivity : get_order: no visible global function definition
  for ‘as.formula’
plot_connectivity: no visible global function definition for
  ‘colorRampPalette’
plot_met_trend: no visible global function definition for ‘lm’
plot_met_trend: no visible global function definition for ‘boxplot’
plot_met_trend: no visible global function definition for ‘grid’
plot_spatial: no visible global function definition for ‘fitted’
plot_spatial: no visible global function definition for ‘resid’
plot_spatial: no visible global function definition for ‘rect’
plot_trial_map: no visible global function definition for ‘points’
plot_trial_map: no visible global function definition for ‘grid’
print.fa_asreml: no visible global function definition for ‘head’
print.summary.fa_asreml: no visible global function definition for
  ‘head’
Undefined global functions or variables:
  . Factor FullTerm Genotype Site Value adjustcolor aggregate arrows as
  as.formula boxplot chull colorRampPalette fitted grid head lines lm
  na.omit points predict rbinom rect reshape resid rnorm runif segments
  tail var
Consider adding
  importFrom("grDevices", "adjustcolor", "chull", "colorRampPalette")
  importFrom("graphics", "arrows", "boxplot", "grid", "lines", "points",
             "rect", "segments")
  importFrom("methods", "as")
  importFrom("stats", "aggregate", "as.formula", "fitted", "lm",
             "na.omit", "predict", "rbinom", "reshape", "resid", "rnorm",
             "runif", "var")
  importFrom("utils", "head", "tail")
to your NAMESPACE file (and ensure that your DESCRIPTION Imports field
contains 'methods').
* checking Rd files ... WARNING
checkRd: (-1) plot.fa_asreml.Rd:74: Lost braces; missing escapes or markup?
    74 | Displays the Genetic Correlation matrix ($C = D^{-1/2} G D^{-1/2}$).
       |                                                 ^
checkRd: (-1) plot.fa_asreml.Rd:74: Lost braces; missing escapes or markup?
    74 | Displays the Genetic Correlation matrix ($C = D^{-1/2} G D^{-1/2}$).
       |                                                            ^
prepare_Rd: ./man/predict_cross_utility.Rd:21: unexpected section header '\value'
prepare_Rd: ./man/predict_cross_utility.Rd:30: unexpected section header '\description'
prepare_Rd: ./man/predict_cross_utility.Rd:38: unexpected section header '\details'
prepare_Rd: ./man/predict_cross_utility.Rd:42: unexpected END_OF_INPUT '
'
checkRd: (-1) predict_cross_utility.Rd:21-29: Lost braces
    21 | \value{
       |       ^
checkRd: (-1) predict_cross_utility.Rd:30-37: Lost braces
    30 | \description{
       |             ^
checkRd: (-1) predict_cross_utility.Rd:38-41: Lost braces
    38 | \details{
       |         ^
* checking Rd metadata ... OK
* checking Rd cross-references ... OK
* checking for missing documentation entries ... OK
* checking for code/documentation mismatches ... OK
* checking Rd \usage sections ... WARNING
Undocumented arguments in Rd file 'generate_grm.Rd'
  ‘n_gen’ ‘n_markers’ ‘seed’

Undocumented arguments in Rd file 'print.fa_asreml.Rd'
  ‘x’ ‘...’

Undocumented arguments in Rd file 'print.summary.fa_asreml.Rd'
  ‘x’ ‘...’

Undocumented arguments in Rd file 'summary.fa_asreml.Rd'
  ‘object’ ‘...’

Functions with \usage entries need to have the appropriate \alias
entries, and all their arguments documented.
The \usage entries must correspond to syntactically valid R code.
See chapter ‘Writing R documentation files’ in the ‘Writing R
Extensions’ manual.
* checking Rd contents ... NOTE
Rd files without \description:
  ‘predict_cross_utility.Rd’
* checking for unstated dependencies in examples ... OK
* checking LazyData ... INFO
  'LazyData' is specified without a 'data' directory
* checking line endings in C/C++/Fortran sources/headers ... OK
* checking compiled code ... WARNING
File ‘UtilityFunctions/libs/GenomicFlow.so’:
  Found ‘_abort’, possibly from ‘abort’ (C)
    Object: ‘RcppExports.o’
File ‘UtilityFunctions/libs/UtilityFunctions.so’:
  Found ‘_abort’, possibly from ‘abort’ (C)
    Object: ‘RcppExports.o’

Compiled code should not call entry points which might terminate R nor
write to stdout/stderr instead of to the console, nor use Fortran I/O
nor system RNGs nor [v]sprintf.

See ‘Writing portable packages’ in the ‘Writing R Extensions’ manual.
* checking files in ‘vignettes’ ... WARNING
Files in the 'vignettes' directory but no files in 'inst/doc':
  ‘UtilityFunctions_walkthrough.R’ ‘UtilityFunctions_walkthrough.Rmd’
  ‘met_diagnostics.R’ ‘met_diagnostics.Rmd’ ‘walkthrough.R’
  ‘walkthrough.rmd’
* checking examples ... OK
* checking for unstated dependencies in ‘tests’ ... OK
* checking tests ... ERROR
  Running ‘testthat.R’
Running the tests in ‘tests/testthat.R’ failed.
Last 13 lines of output:
  > 
  > test_check("UtilityFunctions")
  [ FAIL 1 | WARN 1 | SKIP 0 | PASS 0 ]
  
  ══ Failed tests ════════════════════════════════════════════════════════════════
  ── Error ('test-met_diagnostics.R:1:1'): (code run outside of `test_that()`) ───
  Error in `file(filename, "r", encoding = encoding)`: cannot open the connection
  Backtrace:
      ▆
   1. └─base::source("../../R/met_diagnostics.r") at test-met_diagnostics.R:1:1
   2.   └─base::file(filename, "r", encoding = encoding)
  
  [ FAIL 1 | WARN 1 | SKIP 0 | PASS 0 ]
  Error: Test failures
  Execution halted
* checking for unstated dependencies in vignettes ... OK
* checking package vignettes ... WARNING
Directory 'inst/doc' does not exist.
Package vignettes without corresponding single PDF/HTML:
  ‘UtilityFunctions_walkthrough.Rmd’
  ‘met_diagnostics.Rmd’
  ‘walkthrough.rmd’
* checking running R code from vignettes ... SKIPPED
* checking re-building of vignette outputs ... SKIPPED
* DONE
Status: 1 ERROR, 8 WARNINGs, 6 NOTEs
