* using log directory ‘/Users/zaldiss/Library/Mobile Documents/com~apple~CloudDocs/Antigravity/UtilityFunctions/..Rcheck’
* using R version 4.5.1 (2025-06-13)
* using platform: x86_64-apple-darwin20
* R was compiled by
    Apple clang version 14.0.0 (clang-1400.0.29.202)
    GNU Fortran (GCC) 14.2.0
* running under: macOS Sequoia 15.4.1
* using session charset: UTF-8
* using options ‘--no-manual --no-vignettes’
* checking for file ‘./DESCRIPTION’ ... OK
* this is package ‘UtilityFunctions’ version ‘1.1.0’
* package encoding: UTF-8
* checking package namespace information ... OK
* checking package dependencies ... OK
* checking if this is a source package ... WARNING
Subdirectory ‘UtilityFunctions/src’ contains apparent object files/libraries
  GenomicFlow.so RcppExports.o UtilityFunctions.so cross_predictor.o
Object files/libraries should not be included in a source package.
* checking if there is a namespace ... OK
* checking for executable files ... OK
* checking for hidden files and directories ... NOTE
Found the following hidden files and directories:
  .DS_Store
  .Rhistory
  .gitignore
  R/.DS_Store
  vignettes/.gitignore
  ..Rcheck
  .Rproj.user
  .git
These were most likely included in error. See section ‘Package
structure’ in the ‘Writing R Extensions’ manual.
* checking for portable file names ... NOTE
Found the following non-portable file paths:
  UtilityFunctions/.Rproj.user/shared/notebooks/474E4967-walkthrough/1/s/cs58d6bvvrng2_t/execution.lock
  UtilityFunctions/.Rproj.user/shared/notebooks/E32FDE81-UtilityFunctions_walkthrough/1/34025907f33f263/chunks.json
  UtilityFunctions/.Rproj.user/shared/notebooks/E32FDE81-UtilityFunctions_walkthrough/1/s/c006n07ugx9c6/000003.csv
  UtilityFunctions/.Rproj.user/shared/notebooks/E32FDE81-UtilityFunctions_walkthrough/1/s/c006n07ugx9c6/000004.metadata
  UtilityFunctions/.Rproj.user/shared/notebooks/E32FDE81-UtilityFunctions_walkthrough/1/s/c006n07ugx9c6/000004.png
  UtilityFunctions/.Rproj.user/shared/notebooks/E32FDE81-UtilityFunctions_walkthrough/1/s/c006n07ugx9c6/000004.snapshot
  UtilityFunctions/.Rproj.user/shared/notebooks/E32FDE81-UtilityFunctions_walkthrough/1/s/c1kre7j4t5fjj/00000f.csv
  UtilityFunctions/.Rproj.user/shared/notebooks/E32FDE81-UtilityFunctions_walkthrough/1/s/c24ina8lgcran/00000f.csv
  UtilityFunctions/.Rproj.user/shared/notebooks/E32FDE81-UtilityFunctions_walkthrough/1/s/c40fdneqnchw7/000003.csv
  UtilityFunctions/.Rproj.user/shared/notebooks/E32FDE81-UtilityFunctions_walkthrough/1/s/c40fdneqnchw7/000004.metadata
  UtilityFunctions/.Rproj.user/shared/notebooks/E32FDE81-UtilityFunctions_walkthrough/1/s/c40fdneqnchw7/000004.png
  UtilityFunctions/.Rproj.user/shared/notebooks/E32FDE81-UtilityFunctions_walkthrough/1/s/c40fdneqnchw7/000004.snapshot
  UtilityFunctions/.Rproj.user/shared/notebooks/E32FDE81-UtilityFunctions_walkthrough/1/s/c40s7zslhk9hu/00000f.csv
  UtilityFunctions/.Rproj.user/shared/notebooks/E32FDE81-UtilityFunctions_walkthrough/1/s/c8ggwlmpq7lya/000013.csv
  UtilityFunctions/.Rproj.user/shared/notebooks/E32FDE81-UtilityFunctions_walkthrough/1/s/c8ggwlmpq7lya/000014.metadata
  UtilityFunctions/.Rproj.user/shared/notebooks/E32FDE81-UtilityFunctions_walkthrough/1/s/c8ggwlmpq7lya/000014.rdf
  UtilityFunctions/.Rproj.user/shared/notebooks/E32FDE81-UtilityFunctions_walkthrough/1/s/c8zyma8k587r2/000011.csv
  UtilityFunctions/.Rproj.user/shared/notebooks/E32FDE81-UtilityFunctions_walkthrough/1/s/c8zyma8k587r2/000012.error
  UtilityFunctions/.Rproj.user/shared/notebooks/E32FDE81-UtilityFunctions_walkthrough/1/s/cezr9ycsvvfqd/000017.csv
  UtilityFunctions/.Rproj.user/shared/notebooks/E32FDE81-UtilityFunctions_walkthrough/1/s/ckjegzqdyfvj1/00000f.csv
  UtilityFunctions/.Rproj.user/shared/notebooks/E32FDE81-UtilityFunctions_walkthrough/1/s/cop21fqmexk3m/000011.csv
  UtilityFunctions/.Rproj.user/shared/notebooks/E32FDE81-UtilityFunctions_walkthrough/1/s/cop21fqmexk3m/000012.metadata
  UtilityFunctions/.Rproj.user/shared/notebooks/E32FDE81-UtilityFunctions_walkthrough/1/s/cop21fqmexk3m/000012.rdf
  UtilityFunctions/.Rproj.user/shared/notebooks/E32FDE81-UtilityFunctions_walkthrough/1/s/cpek43mzf23hi/000003.csv
  UtilityFunctions/.Rproj.user/shared/notebooks/E32FDE81-UtilityFunctions_walkthrough/1/s/cpek43mzf23hi/000004.metadata
  UtilityFunctions/.Rproj.user/shared/notebooks/E32FDE81-UtilityFunctions_walkthrough/1/s/cpek43mzf23hi/000004.png
  UtilityFunctions/.Rproj.user/shared/notebooks/E32FDE81-UtilityFunctions_walkthrough/1/s/cpek43mzf23hi/000004.snapshot
  UtilityFunctions/.Rproj.user/shared/notebooks/E32FDE81-UtilityFunctions_walkthrough/1/s/csetup_chunk/00000f.csv
  UtilityFunctions/.Rproj.user/shared/notebooks/E32FDE81-UtilityFunctions_walkthrough/1/s/ct00pzrhjpu7f/00000f.csv
  UtilityFunctions/.Rproj.user/shared/notebooks/E32FDE81-UtilityFunctions_walkthrough/1/s/ct60mx75ymq3x/00000f.csv
  UtilityFunctions/.Rproj.user/shared/notebooks/E32FDE81-UtilityFunctions_walkthrough/1/s/ct9koiiu2ai6r/00000f.csv
  UtilityFunctions/.Rproj.user/shared/notebooks/E32FDE81-UtilityFunctions_walkthrough/1/s/ct9koiiu2ai6r/000010.metadata
  UtilityFunctions/.Rproj.user/shared/notebooks/E32FDE81-UtilityFunctions_walkthrough/1/s/ct9koiiu2ai6r/000010.rdf
  UtilityFunctions/.Rproj.user/shared/notebooks/E32FDE81-UtilityFunctions_walkthrough/1/s/ctqz14rawzdjr/00000f.csv
  UtilityFunctions/.Rproj.user/shared/notebooks/E32FDE81-UtilityFunctions_walkthrough/1/s/ctsp104aitrl9/00000f.csv
  UtilityFunctions/.Rproj.user/shared/notebooks/E32FDE81-UtilityFunctions_walkthrough/1/s/cus0vf57ai70k/00000f.csv
  UtilityFunctions/.Rproj.user/shared/notebooks/E32FDE81-UtilityFunctions_walkthrough/1/s/cus0vf57ai70k/000010.error
  UtilityFunctions/.Rproj.user/shared/notebooks/E32FDE81-UtilityFunctions_walkthrough/1/s/cwag1eyk682e3/00000f.csv
  UtilityFunctions/.Rproj.user/shared/notebooks/E32FDE81-UtilityFunctions_walkthrough/1/s/cxy7rhn36un1d/00000f.csv
  UtilityFunctions/.Rproj.user/shared/notebooks/E32FDE81-UtilityFunctions_walkthrough/1/s/cxy7rhn36un1d/000010.metadata
  UtilityFunctions/.Rproj.user/shared/notebooks/E32FDE81-UtilityFunctions_walkthrough/1/s/cxy7rhn36un1d/000010.rdf
  UtilityFunctions/.Rproj.user/shared/notebooks/E32FDE81-UtilityFunctions_walkthrough/1/s/cytg4s7pd0kut/00000f.csv
  UtilityFunctions/.Rproj.user/shared/notebooks/E32FDE81-UtilityFunctions_walkthrough/1/34025907f33f263
  UtilityFunctions/.Rproj.user/shared/notebooks/E32FDE81-UtilityFunctions_walkthrough/1/s/c006n07ugx9c6
  UtilityFunctions/.Rproj.user/shared/notebooks/E32FDE81-UtilityFunctions_walkthrough/1/s/c1kre7j4t5fjj
  UtilityFunctions/.Rproj.user/shared/notebooks/E32FDE81-UtilityFunctions_walkthrough/1/s/c24ina8lgcran
  UtilityFunctions/.Rproj.user/shared/notebooks/E32FDE81-UtilityFunctions_walkthrough/1/s/c40fdneqnchw7
  UtilityFunctions/.Rproj.user/shared/notebooks/E32FDE81-UtilityFunctions_walkthrough/1/s/c40s7zslhk9hu
  UtilityFunctions/.Rproj.user/shared/notebooks/E32FDE81-UtilityFunctions_walkthrough/1/s/c8ggwlmpq7lya
  UtilityFunctions/.Rproj.user/shared/notebooks/E32FDE81-UtilityFunctions_walkthrough/1/s/c8zyma8k587r2
  UtilityFunctions/.Rproj.user/shared/notebooks/E32FDE81-UtilityFunctions_walkthrough/1/s/cezr9ycsvvfqd
  UtilityFunctions/.Rproj.user/shared/notebooks/E32FDE81-UtilityFunctions_walkthrough/1/s/ckjegzqdyfvj1
  UtilityFunctions/.Rproj.user/shared/notebooks/E32FDE81-UtilityFunctions_walkthrough/1/s/cop21fqmexk3m
  UtilityFunctions/.Rproj.user/shared/notebooks/E32FDE81-UtilityFunctions_walkthrough/1/s/cpek43mzf23hi
  UtilityFunctions/.Rproj.user/shared/notebooks/E32FDE81-UtilityFunctions_walkthrough/1/s/ct00pzrhjpu7f
  UtilityFunctions/.Rproj.user/shared/notebooks/E32FDE81-UtilityFunctions_walkthrough/1/s/ct60mx75ymq3x
  UtilityFunctions/.Rproj.user/shared/notebooks/E32FDE81-UtilityFunctions_walkthrough/1/s/ct9koiiu2ai6r
  UtilityFunctions/.Rproj.user/shared/notebooks/E32FDE81-UtilityFunctions_walkthrough/1/s/ctqz14rawzdjr
  UtilityFunctions/.Rproj.user/shared/notebooks/E32FDE81-UtilityFunctions_walkthrough/1/s/ctsp104aitrl9
  UtilityFunctions/.Rproj.user/shared/notebooks/E32FDE81-UtilityFunctions_walkthrough/1/s/cus0vf57ai70k
  UtilityFunctions/.Rproj.user/shared/notebooks/E32FDE81-UtilityFunctions_walkthrough/1/s/cwag1eyk682e3
  UtilityFunctions/.Rproj.user/shared/notebooks/E32FDE81-UtilityFunctions_walkthrough/1/s/cxy7rhn36un1d
  UtilityFunctions/.Rproj.user/shared/notebooks/E32FDE81-UtilityFunctions_walkthrough/1/s/cytg4s7pd0kut

Tarballs are only required to store paths of up to 100 bytes and cannot
store those of more than 256 bytes, with restrictions including to 100
bytes for the final component.
See section ‘Package structure’ in the ‘Writing R Extensions’ manual.
* checking for sufficient/correct file permissions ... OK
* checking whether package ‘UtilityFunctions’ can be installed ... WARNING
Found the following significant warnings:
  Warning: /Users/zaldiss/Library/Mobile Documents/com~apple~CloudDocs/Antigravity/UtilityFunctions/man/predict_cross_utility.Rd:21: unexpected section header '\value'
  Warning: /Users/zaldiss/Library/Mobile Documents/com~apple~CloudDocs/Antigravity/UtilityFunctions/man/predict_cross_utility.Rd:30: unexpected section header '\description'
  Warning: /Users/zaldiss/Library/Mobile Documents/com~apple~CloudDocs/Antigravity/UtilityFunctions/man/predict_cross_utility.Rd:38: unexpected section header '\details'
  Warning: /Users/zaldiss/Library/Mobile Documents/com~apple~CloudDocs/Antigravity/UtilityFunctions/man/predict_cross_utility.Rd:42: unexpected END_OF_INPUT '
See ‘/Users/zaldiss/Library/Mobile Documents/com~apple~CloudDocs/Antigravity/UtilityFunctions/..Rcheck/00install.out’ for details.
* used C++ compiler: ‘Apple clang version 17.0.0 (clang-1700.0.13.5)’
* used SDK: ‘MacOSX15.5.sdk’
* checking installed package size ... OK
* checking package directory ... OK
* checking DESCRIPTION meta-information ... NOTE
License components which are templates and need '+ file LICENSE':
  MIT
Checking should be performed on sources prepared by ‘R CMD build’.
* checking top-level files ... OK
* checking for left-over files ... OK
* checking index information ... OK
* checking package subdirectories ... WARNING
Found the following directory with the name of a check directory:
  ./..Rcheck
Most likely, these were included erroneously.
* checking code files for non-ASCII characters ... OK
* checking R files for syntax errors ... OK
* checking whether the package can be loaded ... OK
* checking whether the package can be loaded with stated dependencies ... OK
* checking whether the package can be unloaded cleanly ... OK
* checking whether the namespace can be loaded with stated dependencies ... OK
* checking whether the namespace can be unloaded cleanly ... OK
* checking dependencies in R code ... NOTE
Namespace in Imports field not imported from: ‘reshape2’
  All declared Imports should be used.
* checking S3 generic/method consistency ... OK
* checking replacement functions ... OK
* checking foreign function calls ...