* installing *source* package ‘UtilityFunctions’ ...
** this is package ‘UtilityFunctions’ version ‘1.1.0’
** using staged installation
** libs
using C++ compiler: ‘Apple clang version 17.0.0 (clang-1700.0.13.5)’
using SDK: ‘MacOSX15.5.sdk’
make: Nothing to be done for `all'.
installing to /Users/zaldiss/Library/Mobile Documents/com~apple~CloudDocs/Antigravity/UtilityFunctions/..Rcheck/00LOCK-UtilityFunctions/00new/UtilityFunctions/libs
** R
** byte-compile and prepare package for lazy loading
Online License checked out Wed Dec 10 15:01:28 2025
** help
Warning: /Users/zaldiss/Library/Mobile Documents/com~apple~CloudDocs/Antigravity/UtilityFunctions/man/predict_cross_utility.Rd:21: unexpected section header '\value'
Warning: /Users/zaldiss/Library/Mobile Documents/com~apple~CloudDocs/Antigravity/UtilityFunctions/man/predict_cross_utility.Rd:30: unexpected section header '\description'
Warning: /Users/zaldiss/Library/Mobile Documents/com~apple~CloudDocs/Antigravity/UtilityFunctions/man/predict_cross_utility.Rd:38: unexpected section header '\details'
Warning: /Users/zaldiss/Library/Mobile Documents/com~apple~CloudDocs/Antigravity/UtilityFunctions/man/predict_cross_utility.Rd:42: unexpected END_OF_INPUT '
'
*** installing help indices
** building package indices
** installing vignettes
** testing if installed package can be loaded from temporary location
Online License checked out Wed Dec 10 15:01:32 2025
** checking absolute paths in shared objects and dynamic libraries
** testing if installed package can be loaded from final location
Online License checked out Wed Dec 10 15:01:36 2025
** testing if installed package keeps a record of temporary installation path
* DONE (UtilityFunctions)
